<?xml version="1.0" encoding="UTF-8"?>
<testsuite xmlns:xsi="http://www.w3.org/2001/XMLSchema-instance" xsi:noNamespaceSchemaLocation="https://maven.apache.org/surefire/maven-surefire-plugin/xsd/surefire-test-report-3.0.xsd" version="3.0" name="com.hrms.runners.SmokeRunner" time="97.068" tests="1" errors="1" skipped="0" failures="0">
  <properties>
[...]
</properties>
  <testcase name="Valid login" classname="Login" time="96.162">
    <error message="timeout: Timed out receiving message from renderer: 10.000&#10;  (Session info: chrome=80.0.3987.132)&#10;Build info: version: &apos;3.141.59&apos;, revision: &apos;e82be7d358&apos;, time: &apos;2018-11-14T08:17:03&apos;&#10;System info: host: &apos;DESKTOP-4C6RV5P&apos;, ip: &apos;192.168.0.17&apos;, os.name: &apos;Windows 10&apos;, os.arch: &apos;amd64&apos;, os.version: &apos;10.0&apos;, java.version: &apos;12.0.2&apos;&#10;Driver info: org.openqa.selenium.chrome.ChromeDriver&#10;Capabilities {acceptInsecureCerts: false, browserName: chrome, browserVersion: 80.0.3987.132, chrome: {chromedriverVersion: 79.0.3945.36 (3582db32b3389..., userDataDir: C:\Windows\TEMP\scoped_dir1...}, goog:chromeOptions: {debuggerAddress: localhost:60942}, javascriptEnabled: true, networkConnectionEnabled: false, pageLoadStrategy: normal, platform: WINDOWS, platformName: WINDOWS, proxy: Proxy(), setWindowRect: true, strictFileInteractability: false, timeouts: {implicit: 0, pageLoad: 300000, script: 30000}, unhandledPromptBehavior: dismiss and notify}&#10;Session ID: 019c6d46522bcf7a316aee69a266ddda" type="org.openqa.selenium.TimeoutException"><![CDATA[org.openqa.selenium.TimeoutException: 
timeout: Timed out receiving message from renderer: 10.000
  (Session info: chrome=80.0.3987.132)
Build info: version: '3.141.59', revision: 'e82be7d358', time: '2018-11-14T08:17:03'
System info: host: 'DESKTOP-4C6RV5P', ip: '192.168.0.17', os.name: 'Windows 10', os.arch: 'amd64', os.version: '10.0', java.version: '12.0.2'
Driver info: org.openqa.selenium.chrome.ChromeDriver
Capabilities {acceptInsecureCerts: false, browserName: chrome, browserVersion: 80.0.3987.132, chrome: {chromedriverVersion: 79.0.3945.36 (3582db32b3389..., userDataDir: C:\Windows\TEMP\scoped_dir1...}, goog:chromeOptions: {debuggerAddress: localhost:60942}, javascriptEnabled: true, networkConnectionEnabled: false, pageLoadStrategy: normal, platform: WINDOWS, platformName: WINDOWS, proxy: Proxy(), setWindowRect: true, strictFileInteractability: false, timeouts: {implicit: 0, pageLoad: 300000, script: 30000}, unhandledPromptBehavior: dismiss and notify}
Session ID: 019c6d46522bcf7a316aee69a266ddda
]]></error>
    <system-out><![CDATA[Starting scenario Valid login
Ending scenario Valid login
]]></system-out>
    <system-err><![CDATA[Mar 07, 2020 5:12:27 PM cucumber.runtime.model.FeatureBuilder parse
WARNING: Duplicate feature ignored. file:src/test/resources/features/13GETUpdatedEmployee.feature was identical to file:src/test/resources/features/12PUTUpdateEmployee.feature
Mar 07, 2020 5:12:27 PM cucumber.runtime.model.FeatureBuilder parse
WARNING: Duplicate feature ignored. file:src/test/resources/features/14DELETEEmployee.feature was identical to file:src/test/resources/features/12PUTUpdateEmployee.feature
Starting ChromeDriver 79.0.3945.36 (3582db32b33893869b8c1339e8f4d9ed1816f143-refs/branch-heads/3945@{#614}) on port 11262
Only local connections are allowed.
Please protect ports used by ChromeDriver and related test frameworks to prevent access by malicious code.
[1583622750.195][WARNING]: This version of ChromeDriver has not been tested with Chrome version 80.
[1583622752.202][WARNING]: Timed out connecting to Chrome, retrying...
Mar 07, 2020 5:12:34 PM org.openqa.selenium.remote.ProtocolHandshake createSession
INFO: Detected dialect: W3C
[1583622793.492][SEVERE]: Timed out receiving message from renderer: 9.986
[1583622793.493][WARNING]: screenshot failed, retrying timeout: Timed out receiving message from renderer: 9.986
[1583622803.493][SEVERE]: Timed out receiving message from renderer: 10.000
[1583622813.647][SEVERE]: Timed out receiving message from renderer: 10.000
[1583622813.647][WARNING]: screenshot failed, retrying timeout: Timed out receiving message from renderer: 10.000
[1583622823.647][SEVERE]: Timed out receiving message from renderer: 10.000
[1583622833.699][SEVERE]: Timed out receiving message from renderer: 10.000
[1583622833.699][WARNING]: screenshot failed, retrying timeout: Timed out receiving message from renderer: 10.000
[1583622843.699][SEVERE]: Timed out receiving message from renderer: 10.000
]]></system-err>
  </testcase>
</testsuite>